\BOOKMARK [0][-]{chapter.1}{\376\377\000O\000v\000e\000r\000v\000i\000e\000w}{}% 1
\BOOKMARK [1][-]{section.1.1}{\376\377\000C\000o\000n\000f\000i\000g\000u\000r\000a\000t\000i\000o\000n\000\040\000O\000p\000t\000i\000o\000n\000s}{chapter.1}% 2
\BOOKMARK [1][-]{section.1.2}{\376\377\000S\000i\000d\000e\000b\000a\000r\000s}{chapter.1}% 3
\BOOKMARK [1][-]{section.1.3}{\376\377\000C\000u\000s\000t\000o\000m\000i\000z\000i\000n\000g\000\040\000t\000h\000e\000\040\000l\000a\000y\000o\000u\000t}{chapter.1}% 4
\BOOKMARK [1][-]{section.1.4}{\376\377\000N\000e\000w\000\040\000B\000l\000o\000c\000k\000s}{chapter.1}% 5
\BOOKMARK [1][-]{section.1.5}{\376\377\000V\000e\000r\000s\000i\000o\000n\000\040\000D\000r\000o\000p\000d\000o\000w\000n}{chapter.1}% 6
\BOOKMARK [0][-]{chapter.2}{\376\377\000S\000p\000e\000c\000i\000m\000e\000n}{}% 7
\BOOKMARK [1][-]{section.2.1}{\376\377\000B\000o\000d\000y\000\040\000c\000o\000p\000y}{chapter.2}% 8
\BOOKMARK [1][-]{section.2.2}{\376\377\000H\000e\000a\000d\000i\000n\000g\000s}{chapter.2}% 9
\BOOKMARK [1][-]{section.2.3}{\376\377\000H\000e\000a\000d\000i\000n\000g\000s\000\040\000w\000i\000t\000h\000\040\000s\000e\000c\000o\000n\000d\000a\000r\000y\000\040\000t\000e\000x\000t}{chapter.2}% 10
\BOOKMARK [1][-]{section.2.4}{\376\377\000B\000l\000o\000c\000k\000q\000u\000o\000t\000e\000s}{chapter.2}% 11
\BOOKMARK [1][-]{section.2.5}{\376\377\000L\000i\000s\000t\000s}{chapter.2}% 12
\BOOKMARK [1][-]{section.2.6}{\376\377\000C\000o\000d\000e\000\040\000b\000l\000o\000c\000k\000s}{chapter.2}% 13
\BOOKMARK [1][-]{section.2.7}{\376\377\000H\000o\000r\000i\000z\000o\000n\000t\000a\000l\000\040\000r\000u\000l\000e\000s}{chapter.2}% 14
\BOOKMARK [1][-]{section.2.8}{\376\377\000D\000a\000t\000a\000\040\000t\000a\000b\000l\000e\000s}{chapter.2}% 15
\BOOKMARK [1][-]{section.2.9}{\376\377\000S\000e\000c\000t\000i\000o\000n\000\040\000I\000I}{chapter.2}% 16
\BOOKMARK [1][-]{section.2.10}{\376\377\000S\000e\000c\000t\000i\000o\000n\000\040\000I\000I\000I}{chapter.2}% 17
\BOOKMARK [1][-]{section.2.11}{\376\377\000I\000m\000a\000g\000e\000s}{chapter.2}% 18
\BOOKMARK [0][-]{chapter.3}{\376\377\000J\000u\000p\000y\000t\000e\000r\000\040\000N\000o\000t\000e\000b\000o\000o\000k\000s}{}% 19
\BOOKMARK [1][-]{section.3.1}{\376\377\000f\000a\000c\000e\000b\000o\000o\000k}{chapter.3}% 20
\BOOKMARK [1][-]{section.3.2}{\376\377\000D\000a\000t\000a\000F\000r\000a\000m\000e\000s}{chapter.3}% 21
\BOOKMARK [1][-]{section.3.3}{\376\377\000P\000l\000o\000t\000s\000\040\000a\000n\000d\000\040\000F\000i\000g\000u\000r\000e\000s}{chapter.3}% 22
\BOOKMARK [0][-]{chapter.4}{\376\377\000N\000u\000m\000P\000y\000\040\000D\000o\000c\000s\000t\000r\000i\000n\000g\000s}{}% 23
\BOOKMARK [1][-]{section.4.1}{\376\377\000n\000u\000m\000p\000y\000.\000p\000o\000l\000y\000n\000o\000m\000i\000a\000l\000.\000P\000o\000l\000y\000n\000o\000m\000i\000a\000l}{chapter.4}% 24
\BOOKMARK [0][-]{chapter.5}{\376\377\000M\000i\000c\000r\000o\000s\000o\000f\000t\000\040\0003\0006\0005\000\040\000d\000o\000c\000s\000\040\000n\000a\000v\000i\000g\000a\000t\000i\000o\000n\000\040\000g\000u\000i\000d\000e}{}% 25
\BOOKMARK [1][-]{section.5.1}{\376\377\000I\000m\000p\000a\000c\000t\000\040\000t\000o\000\040\000c\000u\000s\000t\000o\000m\000e\000r\000s\000\040\000w\000h\000o\000\040\000d\000o\000n\040\031\000t\000\040\000t\000r\000a\000n\000s\000i\000t\000i\000o\000n}{chapter.5}% 26
\BOOKMARK [1][-]{section.5.2}{\376\377\000H\000u\000b\000\040\000p\000a\000g\000e}{chapter.5}% 27
\BOOKMARK [0][-]{chapter.6}{\376\377\000J\000u\000p\000y\000t\000e\000r\000L\000a\000b\000\040\000D\000e\000m\000o\000\040\000S\000t\000a\000r\000t}{}% 28
\BOOKMARK [1][-]{section.6.1}{\376\377\000T\000a\000b\000l\000e\000s}{chapter.6}% 29
\BOOKMARK [1][-]{section.6.2}{\376\377\0001\000\051\000\040\000B\000u\000i\000l\000d\000i\000n\000g\000\040\000b\000l\000o\000c\000k\000s\000\040\000o\000f\000\040\000i\000n\000t\000e\000r\000a\000c\000t\000i\000v\000e\000\040\000c\000o\000m\000p\000u\000t\000i\000n\000g}{chapter.6}% 30
\BOOKMARK [1][-]{section.6.3}{\376\377\0004\000\051\000\040\000F\000i\000l\000e\000\040\000h\000a\000n\000d\000l\000e\000r\000s}{chapter.6}% 31
\BOOKMARK [1][-]{section.6.4}{\376\377\0005\000\051\000\040\000F\000i\000n\000d\000\040\000a\000n\000d\000\040\000R\000e\000p\000l\000a\000c\000e}{chapter.6}% 32
\BOOKMARK [1][-]{section.6.5}{\376\377\0006\000\051\000\040\000S\000t\000a\000t\000u\000s\000\040\000B\000a\000r}{chapter.6}% 33
\BOOKMARK [1][-]{section.6.6}{\376\377\0007\000\051\000\040\000P\000r\000i\000n\000t\000i\000n\000g}{chapter.6}% 34
\BOOKMARK [1][-]{section.6.7}{\376\377\0008\000\051\000\040\000J\000u\000p\000y\000t\000e\000r\000H\000u\000b}{chapter.6}% 35
\BOOKMARK [1][-]{section.6.8}{\376\377\0009\000\051\000\040\000P\000l\000u\000g\000i\000n\000\040\000a\000r\000c\000h\000i\000t\000e\000c\000t\000u\000r\000e}{chapter.6}% 36
\BOOKMARK [1][-]{section.6.9}{\376\377\000W\000h\000a\000t\000\040\000w\000i\000l\000l\000\040\000y\000o\000u\000\040\000b\000u\000i\000l\000d\000?}{chapter.6}% 37
\BOOKMARK [0][-]{chapter.7}{\376\377\000M\000a\000r\000k\000d\000o\000w\000n}{}% 38
\BOOKMARK [1][-]{section.7.1}{\376\377\000B\000o\000d\000y\000\040\000c\000o\000p\000y}{chapter.7}% 39
\BOOKMARK [1][-]{section.7.2}{\376\377\000H\000e\000a\000d\000i\000n\000g\000s}{chapter.7}% 40
\BOOKMARK [1][-]{section.7.3}{\376\377\000H\000e\000a\000d\000i\000n\000g\000s\000\040\000w\000i\000t\000h\000\040\000s\000e\000c\000o\000n\000d\000a\000r\000y\000\040\000t\000e\000x\000t}{chapter.7}% 41
\BOOKMARK [1][-]{section.7.4}{\376\377\000B\000l\000o\000c\000k\000q\000u\000o\000t\000e\000s}{chapter.7}% 42
\BOOKMARK [1][-]{section.7.5}{\376\377\000L\000i\000s\000t\000s}{chapter.7}% 43
\BOOKMARK [1][-]{section.7.6}{\376\377\000C\000o\000d\000e\000\040\000b\000l\000o\000c\000k\000s}{chapter.7}% 44
\BOOKMARK [1][-]{section.7.7}{\376\377\000H\000o\000r\000i\000z\000o\000n\000t\000a\000l\000\040\000r\000u\000l\000e\000s}{chapter.7}% 45
\BOOKMARK [1][-]{section.7.8}{\376\377\000D\000a\000t\000a\000\040\000t\000a\000b\000l\000e\000s}{chapter.7}% 46
\BOOKMARK [0][-]{chapter.8}{\376\377\000r\000s\000t\000\040\000C\000h\000e\000a\000t\000s\000h\000e\000e\000t}{}% 47
\BOOKMARK [1][-]{section.8.1}{\376\377\000I\000n\000l\000i\000n\000e\000\040\000M\000a\000r\000k\000u\000p}{chapter.8}% 48
\BOOKMARK [1][-]{section.8.2}{\376\377\000E\000s\000c\000a\000p\000i\000n\000g\000\040\000w\000i\000t\000h\000\040\000B\000a\000c\000k\000s\000l\000a\000s\000h\000e\000s}{chapter.8}% 49
\BOOKMARK [1][-]{section.8.3}{\376\377\000L\000i\000s\000t\000s}{chapter.8}% 50
\BOOKMARK [1][-]{section.8.4}{\376\377\000S\000e\000c\000t\000i\000o\000n\000\040\000S\000t\000r\000u\000c\000t\000u\000r\000e}{chapter.8}% 51
\BOOKMARK [1][-]{section.8.5}{\376\377\000B\000l\000o\000c\000k\000s}{chapter.8}% 52
\BOOKMARK [1][-]{section.8.6}{\376\377\000T\000a\000b\000l\000e\000s}{chapter.8}% 53
\BOOKMARK [1][-]{section.8.7}{\376\377\000E\000x\000p\000l\000i\000c\000i\000t\000\040\000M\000a\000r\000k\000u\000p}{chapter.8}% 54
\BOOKMARK [1][-]{section.8.8}{\376\377\000C\000r\000e\000d\000i\000t\000s}{chapter.8}% 55
\BOOKMARK [0][-]{chapter.9}{\376\377\000C\000h\000a\000n\000g\000e\000\040\000L\000o\000g}{}% 56
\BOOKMARK [0][-]{chapter.10}{\376\377\000L\000i\000c\000e\000n\000s\000e}{}% 57
\BOOKMARK [0][-]{chapter.11}{\376\377\000I\000n\000d\000e\000x}{}% 58
\BOOKMARK [0][-]{chapter*.41}{\376\377\000B\000i\000b\000l\000i\000o\000g\000r\000a\000p\000h\000y}{}% 59
\BOOKMARK [0][-]{section*.42}{\376\377\000I\000n\000d\000e\000x}{}% 60
